  UIComponent.cpp
  main.cpp
c:\users\thoma\source\repos\pigject\sfml\sfml-2.4.2x86\include\sfml\window\windowhandle.hpp : warning C4819: 檔案含有無法在目前字碼頁 (950) 中表示的字元。請以 Unicode 格式儲存檔案以防止資料遺失
c:\users\thoma\source\repos\pigject\project1\define.h(17): warning C4244: '引數': 將 'std::chrono::system_clock::rep' 轉換為 'unsigned int'，由於類型不同，可能導致資料遺失
c:\users\thoma\source\repos\pigject\project1\main.cpp(388): warning C4244: '=': 將 'int' 轉換為 'float'，由於類型不同，可能導致資料遺失
c:\users\thoma\source\repos\pigject\project1\main.cpp(394): warning C4244: '=': 將 'int' 轉換為 'float'，由於類型不同，可能導致資料遺失
c:\users\thoma\source\repos\pigject\project1\main.cpp(572): warning C4244: '正在初始化': 將 'sf::Int32' 轉換為 'float'，由於類型不同，可能導致資料遺失
  hud.cpp
  ellipse.cpp
c:\users\thoma\source\repos\pigject\sfml\sfml-2.4.2x86\include\sfml\window\windowhandle.hpp : warning C4819: 檔案含有無法在目前字碼頁 (950) 中表示的字元。請以 Unicode 格式儲存檔案以防止資料遺失
c:\users\thoma\source\repos\pigject\project1\define.h(17): warning C4244: '引數': 將 'std::chrono::system_clock::rep' 轉換為 'unsigned int'，由於類型不同，可能導致資料遺失
  button.cpp
c:\users\thoma\source\repos\pigject\sfml\sfml-2.4.2x86\include\sfml\window\windowhandle.hpp : warning C4819: 檔案含有無法在目前字碼頁 (950) 中表示的字元。請以 Unicode 格式儲存檔案以防止資料遺失
c:\users\thoma\source\repos\pigject\project1\define.h(17): warning C4244: '引數': 將 'std::chrono::system_clock::rep' 轉換為 'unsigned int'，由於類型不同，可能導致資料遺失
  正在產生程式碼...
  正在編譯...
  particleSystem.cpp
c:\users\thoma\source\repos\pigject\project1\define.h(17): warning C4244: '引數': 將 'std::chrono::system_clock::rep' 轉換為 'unsigned int'，由於類型不同，可能導致資料遺失
c:\users\thoma\source\repos\pigject\sfml\sfml-2.4.2x86\include\sfml\window\windowhandle.hpp : warning C4819: 檔案含有無法在目前字碼頁 (950) 中表示的字元。請以 Unicode 格式儲存檔案以防止資料遺失
  brick.cpp
c:\users\thoma\source\repos\pigject\project1\define.h(17): warning C4244: '引數': 將 'std::chrono::system_clock::rep' 轉換為 'unsigned int'，由於類型不同，可能導致資料遺失
c:\users\thoma\source\repos\pigject\sfml\sfml-2.4.2x86\include\sfml\window\windowhandle.hpp : warning C4819: 檔案含有無法在目前字碼頁 (950) 中表示的字元。請以 Unicode 格式儲存檔案以防止資料遺失
  block.cpp
c:\users\thoma\source\repos\pigject\project1\define.h(17): warning C4244: '引數': 將 'std::chrono::system_clock::rep' 轉換為 'unsigned int'，由於類型不同，可能導致資料遺失
c:\users\thoma\source\repos\pigject\sfml\sfml-2.4.2x86\include\sfml\window\windowhandle.hpp : warning C4819: 檔案含有無法在目前字碼頁 (950) 中表示的字元。請以 Unicode 格式儲存檔案以防止資料遺失
  正在產生程式碼...
  Project1.vcxproj -> C:\Users\thoma\source\repos\pigject\Debug\breakout game.exe
